0 info it worked if it ends with ok
1 verbose cli [ '/usr/local/bin/node', '/usr/local/bin/npm', 'run', 'server' ]
2 info using npm@3.6.0
3 info using node@v5.6.0
4 verbose run-script [ 'preserver', 'server', 'postserver' ]
5 info lifecycle chat-app@1.0.0~preserver: chat-app@1.0.0
6 silly lifecycle chat-app@1.0.0~preserver: no script for preserver, continuing
7 info lifecycle chat-app@1.0.0~server: chat-app@1.0.0
8 verbose lifecycle chat-app@1.0.0~server: unsafe-perm in lifecycle true
9 verbose lifecycle chat-app@1.0.0~server: PATH: /usr/local/lib/node_modules/npm/bin/node-gyp-bin:/Users/swang/Developer/playground/react/chat-app/node_modules/.bin:/usr/local/bin:/usr/bin:/bin:/usr/sbin:/sbin
10 verbose lifecycle chat-app@1.0.0~server: CWD: /Users/swang/Developer/playground/react/chat-app
11 silly lifecycle chat-app@1.0.0~server: Args: [ '-c', 'node src/server/server.js' ]
12 silly lifecycle chat-app@1.0.0~server: Returned: code: 1  signal: null
13 info lifecycle chat-app@1.0.0~server: Failed to exec server script
14 verbose stack Error: chat-app@1.0.0 server: `node src/server/server.js`
14 verbose stack Exit status 1
14 verbose stack     at EventEmitter.<anonymous> (/usr/local/lib/node_modules/npm/lib/utils/lifecycle.js:232:16)
14 verbose stack     at emitTwo (events.js:100:13)
14 verbose stack     at EventEmitter.emit (events.js:185:7)
14 verbose stack     at ChildProcess.<anonymous> (/usr/local/lib/node_modules/npm/lib/utils/spawn.js:24:14)
14 verbose stack     at emitTwo (events.js:100:13)
14 verbose stack     at ChildProcess.emit (events.js:185:7)
14 verbose stack     at maybeClose (internal/child_process.js:827:16)
14 verbose stack     at Process.ChildProcess._handle.onexit (internal/child_process.js:211:5)
15 verbose pkgid chat-app@1.0.0
16 verbose cwd /Users/swang/Developer/playground/react/chat-app
17 error Darwin 15.6.0
18 error argv "/usr/local/bin/node" "/usr/local/bin/npm" "run" "server"
19 error node v5.6.0
20 error npm  v3.6.0
21 error code ELIFECYCLE
22 error chat-app@1.0.0 server: `node src/server/server.js`
22 error Exit status 1
23 error Failed at the chat-app@1.0.0 server script 'node src/server/server.js'.
23 error Make sure you have the latest version of node.js and npm installed.
23 error If you do, this is most likely a problem with the chat-app package,
23 error not with npm itself.
23 error Tell the author that this fails on your system:
23 error     node src/server/server.js
23 error You can get information on how to open an issue for this project with:
23 error     npm bugs chat-app
23 error Or if that isn't available, you can get their info via:
23 error     npm owner ls chat-app
23 error There is likely additional logging output above.
24 verbose exit [ 1, true ]
